{"/Users/korisnik234/Desktop/learn-app/src/AppContext.ts": {"path":"/Users/korisnik234/Desktop/learn-app/src/AppContext.ts","statementMap":{"0":{"start":{"line":1,"column":0},"end":{"line":1,"column":26}},"1":{"start":{"line":11,"column":24},"end":{"line":11,"column":72}},"2":{"start":{"line":12,"column":0},"end":{"line":12,"column":26}}},"fnMap":{},"branchMap":{},"s":{"0":1,"1":1,"2":1},"f":{},"b":{}}
,"/Users/korisnik234/Desktop/learn-app/src/env.ts": {"path":"/Users/korisnik234/Desktop/learn-app/src/env.ts","statementMap":{"0":{"start":{"line":1,"column":13},"end":{"line":2,"column":72}},"1":{"start":{"line":4,"column":13},"end":{"line":5,"column":76}},"2":{"start":{"line":6,"column":13},"end":{"line":7,"column":71}}},"fnMap":{},"branchMap":{},"s":{"0":1,"1":1,"2":1},"f":{},"b":{}}
,"/Users/korisnik234/Desktop/learn-app/src/styles-for-tailwind.ts": {"path":"/Users/korisnik234/Desktop/learn-app/src/styles-for-tailwind.ts","statementMap":{"0":{"start":{"line":1,"column":13},"end":{"line":2,"column":200}},"1":{"start":{"line":3,"column":13},"end":{"line":4,"column":199}},"2":{"start":{"line":5,"column":13},"end":{"line":6,"column":197}},"3":{"start":{"line":7,"column":13},"end":{"line":8,"column":210}},"4":{"start":{"line":9,"column":13},"end":{"line":10,"column":244}},"5":{"start":{"line":11,"column":13},"end":{"line":12,"column":246}},"6":{"start":{"line":14,"column":13},"end":{"line":15,"column":91}},"7":{"start":{"line":16,"column":13},"end":{"line":17,"column":89}},"8":{"start":{"line":19,"column":13},"end":{"line":20,"column":86}}},"fnMap":{},"branchMap":{},"s":{"0":1,"1":1,"2":1,"3":1,"4":1,"5":1,"6":1,"7":1,"8":1},"f":{},"b":{}}
,"/Users/korisnik234/Desktop/learn-app/src/components/Button/Button.tsx": {"path":"/Users/korisnik234/Desktop/learn-app/src/components/Button/Button.tsx","statementMap":{"0":{"start":{"line":2,"column":0},"end":{"line":2,"column":48}},"1":{"start":{"line":4,"column":15},"end":{"line":26,"column":1}},"2":{"start":{"line":19,"column":2},"end":{"line":25,"column":4}},"3":{"start":{"line":28,"column":0},"end":{"line":28,"column":22}}},"fnMap":{"0":{"name":"(anonymous_1)","decl":{"start":{"line":4,"column":15},"end":{"line":4,"column":16}},"loc":{"start":{"line":18,"column":5},"end":{"line":26,"column":1}}}},"branchMap":{"0":{"loc":{"start":{"line":21,"column":7},"end":{"line":21,"column":48}},"type":"binary-expr","locations":[{"start":{"line":21,"column":7},"end":{"line":21,"column":15}},{"start":{"line":21,"column":19},"end":{"line":21,"column":48}}]}},"s":{"0":1,"1":1,"2":8,"3":1},"f":{"0":8},"b":{"0":[8,0]}}
,"/Users/korisnik234/Desktop/learn-app/src/components/Forms/LoginForm/LoginForm.tsx": {"path":"/Users/korisnik234/Desktop/learn-app/src/components/Forms/LoginForm/LoginForm.tsx","statementMap":{"0":{"start":{"line":1,"column":0},"end":{"line":1,"column":79}},"1":{"start":{"line":2,"column":0},"end":{"line":2,"column":45}},"2":{"start":{"line":3,"column":0},"end":{"line":3,"column":47}},"3":{"start":{"line":4,"column":0},"end":{"line":4,"column":59}},"4":{"start":{"line":5,"column":0},"end":{"line":5,"column":41}},"5":{"start":{"line":6,"column":0},"end":{"line":6,"column":65}},"6":{"start":{"line":7,"column":0},"end":{"line":7,"column":53}},"7":{"start":{"line":8,"column":0},"end":{"line":8,"column":62}},"8":{"start":{"line":9,"column":0},"end":{"line":9,"column":44}},"9":{"start":{"line":12,"column":16},"end":{"line":12,"column":18}},"10":{"start":{"line":14,"column":18},"end":{"line":183,"column":1}},"11":{"start":{"line":19,"column":4},"end":{"line":19,"column":26}},"12":{"start":{"line":20,"column":19},"end":{"line":20,"column":32}},"13":{"start":{"line":21,"column":36},"end":{"line":21,"column":51}},"14":{"start":{"line":22,"column":36},"end":{"line":22,"column":51}},"15":{"start":{"line":23,"column":34},"end":{"line":26,"column":4}},"16":{"start":{"line":27,"column":30},"end":{"line":30,"column":4}},"17":{"start":{"line":32,"column":20},"end":{"line":72,"column":3}},"18":{"start":{"line":33,"column":4},"end":{"line":71,"column":9}},"19":{"start":{"line":44,"column":8},"end":{"line":50,"column":9}},"20":{"start":{"line":45,"column":10},"end":{"line":48,"column":13}},"21":{"start":{"line":49,"column":10},"end":{"line":49,"column":57}},"22":{"start":{"line":51,"column":8},"end":{"line":51,"column":31}},"23":{"start":{"line":54,"column":8},"end":{"line":56,"column":11}},"24":{"start":{"line":58,"column":8},"end":{"line":65,"column":10}},"25":{"start":{"line":66,"column":8},"end":{"line":66,"column":30}},"26":{"start":{"line":67,"column":8},"end":{"line":67,"column":31}},"27":{"start":{"line":70,"column":8},"end":{"line":70,"column":39}},"28":{"start":{"line":74,"column":28},"end":{"line":82,"column":3}},"29":{"start":{"line":75,"column":28},"end":{"line":75,"column":36}},"30":{"start":{"line":76,"column":4},"end":{"line":79,"column":7}},"31":{"start":{"line":81,"column":4},"end":{"line":81,"column":63}},"32":{"start":{"line":81,"column":31},"end":{"line":81,"column":60}},"33":{"start":{"line":84,"column":23},"end":{"line":105,"column":3}},"34":{"start":{"line":85,"column":4},"end":{"line":85,"column":23}},"35":{"start":{"line":86,"column":4},"end":{"line":100,"column":5}},"36":{"start":{"line":87,"column":6},"end":{"line":92,"column":7}},"37":{"start":{"line":88,"column":8},"end":{"line":91,"column":12}},"38":{"start":{"line":88,"column":35},"end":{"line":91,"column":10}},"39":{"start":{"line":93,"column":6},"end":{"line":98,"column":7}},"40":{"start":{"line":94,"column":8},"end":{"line":97,"column":12}},"41":{"start":{"line":94,"column":35},"end":{"line":97,"column":10}},"42":{"start":{"line":99,"column":6},"end":{"line":99,"column":13}},"43":{"start":{"line":101,"column":4},"end":{"line":101,"column":23}},"44":{"start":{"line":102,"column":4},"end":{"line":102,"column":22}},"45":{"start":{"line":103,"column":4},"end":{"line":103,"column":62}},"46":{"start":{"line":103,"column":35},"end":{"line":103,"column":60}},"47":{"start":{"line":104,"column":4},"end":{"line":104,"column":24}},"48":{"start":{"line":107,"column":2},"end":{"line":182,"column":4}},"49":{"start":{"line":147,"column":29},"end":{"line":147,"column":58}},"50":{"start":{"line":147,"column":52},"end":{"line":147,"column":57}},"51":{"start":{"line":185,"column":0},"end":{"line":185,"column":25}}},"fnMap":{"0":{"name":"(anonymous_1)","decl":{"start":{"line":14,"column":18},"end":{"line":14,"column":21}},"loc":{"start":{"line":14,"column":23},"end":{"line":183,"column":1}}},"1":{"name":"(anonymous_2)","decl":{"start":{"line":32,"column":20},"end":{"line":32,"column":25}},"loc":{"start":{"line":32,"column":31},"end":{"line":72,"column":3}}},"2":{"name":"(anonymous_3)","decl":{"start":{"line":43,"column":12},"end":{"line":43,"column":13}},"loc":{"start":{"line":43,"column":30},"end":{"line":52,"column":7}}},"3":{"name":"(anonymous_4)","decl":{"start":{"line":53,"column":12},"end":{"line":53,"column":13}},"loc":{"start":{"line":53,"column":26},"end":{"line":68,"column":7}}},"4":{"name":"(anonymous_5)","decl":{"start":{"line":69,"column":13},"end":{"line":69,"column":14}},"loc":{"start":{"line":69,"column":28},"end":{"line":71,"column":7}}},"5":{"name":"(anonymous_6)","decl":{"start":{"line":74,"column":28},"end":{"line":74,"column":29}},"loc":{"start":{"line":74,"column":65},"end":{"line":82,"column":3}}},"6":{"name":"(anonymous_7)","decl":{"start":{"line":81,"column":14},"end":{"line":81,"column":15}},"loc":{"start":{"line":81,"column":31},"end":{"line":81,"column":60}}},"7":{"name":"(anonymous_8)","decl":{"start":{"line":84,"column":23},"end":{"line":84,"column":28}},"loc":{"start":{"line":84,"column":46},"end":{"line":105,"column":3}}},"8":{"name":"(anonymous_9)","decl":{"start":{"line":88,"column":18},"end":{"line":88,"column":19}},"loc":{"start":{"line":88,"column":35},"end":{"line":91,"column":10}}},"9":{"name":"(anonymous_10)","decl":{"start":{"line":94,"column":18},"end":{"line":94,"column":19}},"loc":{"start":{"line":94,"column":35},"end":{"line":97,"column":10}}},"10":{"name":"(anonymous_11)","decl":{"start":{"line":103,"column":22},"end":{"line":103,"column":23}},"loc":{"start":{"line":103,"column":35},"end":{"line":103,"column":60}}},"11":{"name":"(anonymous_12)","decl":{"start":{"line":147,"column":23},"end":{"line":147,"column":26}},"loc":{"start":{"line":147,"column":29},"end":{"line":147,"column":58}}},"12":{"name":"(anonymous_13)","decl":{"start":{"line":147,"column":42},"end":{"line":147,"column":43}},"loc":{"start":{"line":147,"column":52},"end":{"line":147,"column":57}}}},"branchMap":{"0":{"loc":{"start":{"line":44,"column":8},"end":{"line":50,"column":9}},"type":"if","locations":[{"start":{"line":44,"column":8},"end":{"line":50,"column":9}}]},"1":{"loc":{"start":{"line":86,"column":4},"end":{"line":100,"column":5}},"type":"if","locations":[{"start":{"line":86,"column":4},"end":{"line":100,"column":5}}]},"2":{"loc":{"start":{"line":86,"column":8},"end":{"line":86,"column":45}},"type":"binary-expr","locations":[{"start":{"line":86,"column":8},"end":{"line":86,"column":23}},{"start":{"line":86,"column":27},"end":{"line":86,"column":45}}]},"3":{"loc":{"start":{"line":87,"column":6},"end":{"line":92,"column":7}},"type":"if","locations":[{"start":{"line":87,"column":6},"end":{"line":92,"column":7}}]},"4":{"loc":{"start":{"line":93,"column":6},"end":{"line":98,"column":7}},"type":"if","locations":[{"start":{"line":93,"column":6},"end":{"line":98,"column":7}}]},"5":{"loc":{"start":{"line":109,"column":7},"end":{"line":109,"column":31}},"type":"binary-expr","locations":[{"start":{"line":109,"column":7},"end":{"line":109,"column":16}},{"start":{"line":109,"column":20},"end":{"line":109,"column":31}}]},"6":{"loc":{"start":{"line":117,"column":297},"end":{"line":117,"column":331}},"type":"cond-expr","locations":[{"start":{"line":117,"column":312},"end":{"line":117,"column":326}},{"start":{"line":117,"column":329},"end":{"line":117,"column":331}}]},"7":{"loc":{"start":{"line":125,"column":11},"end":{"line":128,"column":null}},"type":"cond-expr","locations":[{"start":{"line":126,"column":12},"end":{"line":126,"column":57}},{"start":{"line":128,"column":12},"end":{"line":128,"column":21}}]},"8":{"loc":{"start":{"line":134,"column":203},"end":{"line":134,"column":240}},"type":"cond-expr","locations":[{"start":{"line":134,"column":221},"end":{"line":134,"column":235}},{"start":{"line":134,"column":238},"end":{"line":134,"column":240}}]},"9":{"loc":{"start":{"line":138,"column":20},"end":{"line":138,"column":51}},"type":"cond-expr","locations":[{"start":{"line":138,"column":32},"end":{"line":138,"column":38}},{"start":{"line":138,"column":41},"end":{"line":138,"column":51}}]},"10":{"loc":{"start":{"line":152,"column":11},"end":{"line":155,"column":null}},"type":"cond-expr","locations":[{"start":{"line":153,"column":12},"end":{"line":153,"column":60}},{"start":{"line":155,"column":12},"end":{"line":155,"column":21}}]}},"s":{"0":1,"1":1,"2":1,"3":1,"4":1,"5":1,"6":1,"7":1,"8":1,"9":1,"10":1,"11":8,"12":8,"13":8,"14":8,"15":8,"16":8,"17":8,"18":1,"19":1,"20":0,"21":0,"22":1,"23":1,"24":1,"25":1,"26":1,"27":0,"28":8,"29":2,"30":2,"31":2,"32":2,"33":8,"34":2,"35":2,"36":1,"37":1,"38":1,"39":1,"40":1,"41":1,"42":1,"43":1,"44":1,"45":1,"46":1,"47":0,"48":8,"49":0,"50":0,"51":1},"f":{"0":8,"1":1,"2":1,"3":1,"4":0,"5":2,"6":2,"7":2,"8":1,"9":1,"10":1,"11":0,"12":0},"b":{"0":[0],"1":[1],"2":[2,1],"3":[1],"4":[1],"5":[8,2],"6":[1,7],"7":[1,7],"8":[1,7],"9":[0,8],"10":[1,7]}}
,"/Users/korisnik234/Desktop/learn-app/src/components/Loading/Loading.tsx": {"path":"/Users/korisnik234/Desktop/learn-app/src/components/Loading/Loading.tsx","statementMap":{"0":{"start":{"line":1,"column":0},"end":{"line":1,"column":23}},"1":{"start":{"line":3,"column":16},"end":{"line":10,"column":1}},"2":{"start":{"line":4,"column":2},"end":{"line":9,"column":4}},"3":{"start":{"line":12,"column":0},"end":{"line":12,"column":23}}},"fnMap":{"0":{"name":"(anonymous_0)","decl":{"start":{"line":3,"column":16},"end":{"line":3,"column":19}},"loc":{"start":{"line":3,"column":21},"end":{"line":10,"column":1}}}},"branchMap":{},"s":{"0":1,"1":1,"2":2,"3":1},"f":{"0":2},"b":{}}
,"/Users/korisnik234/Desktop/learn-app/src/components/PasswordIcon/PasswordIcon.tsx": {"path":"/Users/korisnik234/Desktop/learn-app/src/components/PasswordIcon/PasswordIcon.tsx","statementMap":{"0":{"start":{"line":1,"column":0},"end":{"line":1,"column":60}},"1":{"start":{"line":2,"column":0},"end":{"line":2,"column":66}},"2":{"start":{"line":4,"column":21},"end":{"line":6,"column":1}},"3":{"start":{"line":5,"column":2},"end":{"line":5,"column":71}},"4":{"start":{"line":8,"column":0},"end":{"line":8,"column":28}}},"fnMap":{"0":{"name":"(anonymous_1)","decl":{"start":{"line":4,"column":21},"end":{"line":4,"column":22}},"loc":{"start":{"line":4,"column":63},"end":{"line":6,"column":1}}}},"branchMap":{"0":{"loc":{"start":{"line":5,"column":12},"end":{"line":5,"column":66}},"type":"cond-expr","locations":[{"start":{"line":5,"column":24},"end":{"line":5,"column":42}},{"start":{"line":5,"column":45},"end":{"line":5,"column":66}}]}},"s":{"0":1,"1":1,"2":1,"3":8,"4":1},"f":{"0":8},"b":{"0":[0,8]}}
}
