TN:
SF:src/AppContext.ts
FNF:0
FNH:0
DA:1,1
DA:11,1
DA:12,1
LF:3
LH:3
BRF:0
BRH:0
end_of_record
TN:
SF:src/env.ts
FNF:0
FNH:0
DA:1,1
DA:4,1
DA:6,1
LF:3
LH:3
BRF:0
BRH:0
end_of_record
TN:
SF:src/styles-for-tailwind.ts
FNF:0
FNH:0
DA:1,1
DA:3,1
DA:5,1
DA:7,1
DA:9,1
DA:11,1
DA:14,1
DA:16,1
DA:19,1
LF:9
LH:9
BRF:0
BRH:0
end_of_record
TN:
SF:src/components/Button/Button.tsx
FN:4,(anonymous_1)
FNF:1
FNH:1
FNDA:8,(anonymous_1)
DA:2,1
DA:4,1
DA:19,8
DA:28,1
LF:4
LH:4
BRDA:21,0,0,8
BRDA:21,0,1,0
BRF:2
BRH:1
end_of_record
TN:
SF:src/components/Forms/LoginForm/LoginForm.tsx
FN:14,(anonymous_1)
FN:32,(anonymous_2)
FN:43,(anonymous_3)
FN:53,(anonymous_4)
FN:69,(anonymous_5)
FN:74,(anonymous_6)
FN:81,(anonymous_7)
FN:84,(anonymous_8)
FN:88,(anonymous_9)
FN:94,(anonymous_10)
FN:103,(anonymous_11)
FN:147,(anonymous_12)
FN:147,(anonymous_13)
FNF:13
FNH:10
FNDA:8,(anonymous_1)
FNDA:1,(anonymous_2)
FNDA:1,(anonymous_3)
FNDA:1,(anonymous_4)
FNDA:0,(anonymous_5)
FNDA:2,(anonymous_6)
FNDA:2,(anonymous_7)
FNDA:2,(anonymous_8)
FNDA:1,(anonymous_9)
FNDA:1,(anonymous_10)
FNDA:1,(anonymous_11)
FNDA:0,(anonymous_12)
FNDA:0,(anonymous_13)
DA:1,1
DA:2,1
DA:3,1
DA:4,1
DA:5,1
DA:6,1
DA:7,1
DA:8,1
DA:9,1
DA:12,1
DA:14,1
DA:19,8
DA:20,8
DA:21,8
DA:22,8
DA:23,8
DA:27,8
DA:32,8
DA:33,1
DA:44,1
DA:45,0
DA:49,0
DA:51,1
DA:54,1
DA:58,1
DA:66,1
DA:67,1
DA:70,0
DA:74,8
DA:75,2
DA:76,2
DA:81,2
DA:84,8
DA:85,2
DA:86,2
DA:87,1
DA:88,1
DA:93,1
DA:94,1
DA:99,1
DA:101,1
DA:102,1
DA:103,1
DA:104,0
DA:107,8
DA:147,0
DA:185,1
LF:47
LH:42
BRDA:44,0,0,0
BRDA:86,1,0,1
BRDA:86,2,0,2
BRDA:86,2,1,1
BRDA:87,3,0,1
BRDA:93,4,0,1
BRDA:109,5,0,8
BRDA:109,5,1,2
BRDA:117,6,0,1
BRDA:117,6,1,7
BRDA:125,7,0,1
BRDA:125,7,1,7
BRDA:134,8,0,1
BRDA:134,8,1,7
BRDA:138,9,0,0
BRDA:138,9,1,8
BRDA:152,10,0,1
BRDA:152,10,1,7
BRF:18
BRH:16
end_of_record
TN:
SF:src/components/Loading/Loading.tsx
FN:3,(anonymous_0)
FNF:1
FNH:1
FNDA:2,(anonymous_0)
DA:1,1
DA:3,1
DA:4,2
DA:12,1
LF:4
LH:4
BRF:0
BRH:0
end_of_record
TN:
SF:src/components/PasswordIcon/PasswordIcon.tsx
FN:4,(anonymous_1)
FNF:1
FNH:1
FNDA:8,(anonymous_1)
DA:1,1
DA:2,1
DA:4,1
DA:5,8
DA:8,1
LF:5
LH:5
BRDA:5,0,0,0
BRDA:5,0,1,8
BRF:2
BRH:1
end_of_record
